0 info it worked if it ends with ok
1 verbose cli [ 'C:\\Program Files\\nodejs\\\\node.exe',
1 verbose cli   'C:\\Program Files\\nodejs\\node_modules\\npm\\bin\\npm-cli.js',
1 verbose cli   'run',
1 verbose cli   'server' ]
2 info using npm@1.4.27
3 info using node@v0.10.17
4 verbose node symlink C:\Program Files\nodejs\\node.exe
5 verbose run-script [ 'preserver', 'server', 'postserver' ]
6 info preserver ajax@0.0.1
7 info server ajax@0.0.1
8 verbose unsafe-perm in lifecycle true
9 info ajax@0.0.1 Failed to exec server script
10 error ajax@0.0.1 server: `cd test/dev && node server.js`
10 error Exit status 8
11 error Failed at the ajax@0.0.1 server script.
11 error This is most likely a problem with the ajax package,
11 error not with npm itself.
11 error Tell the author that this fails on your system:
11 error     cd test/dev && node server.js
11 error You can get their info via:
11 error     npm owner ls ajax
11 error There is likely additional logging output above.
12 error System Windows_NT 6.1.7601
13 error command "C:\\Program Files\\nodejs\\\\node.exe" "C:\\Program Files\\nodejs\\node_modules\\npm\\bin\\npm-cli.js" "run" "server"
14 error cwd C:\dev\ajax
15 error node -v v0.10.17
16 error npm -v 1.4.27
17 error code ELIFECYCLE
18 verbose exit [ 1, true ]
